<?xml version="1.0" encoding="UTF-8"?>
<testng-results ignored="3" total="6" passed="3" failed="0" skipped="0">
  <reporter-output>
  </reporter-output>
  <suite started-at="2022-06-19T18:14:29 IST" name="general.Suite" finished-at="2022-06-19T18:14:29 IST" duration-ms="49">
    <groups>
    </groups>
    <test started-at="2022-06-19T18:14:29 IST" name="Test" finished-at="2022-06-19T18:14:29 IST" duration-ms="49">
      <class name="PackMOCK.General">
        <test-method is-config="true" signature="beforeClass()[pri:0, instance:PackMOCK.General@71def8f8]" started-at="2022-06-19T18:14:29 IST" name="beforeClass" finished-at="2022-06-19T18:14:29 IST" duration-ms="6" status="PASS">
          <reporter-output>
          </reporter-output>
        </test-method> <!-- beforeClass -->
        <test-method is-config="true" signature="beforeMethod()[pri:0, instance:PackMOCK.General@71def8f8]" started-at="2022-06-19T18:14:29 IST" name="beforeMethod" finished-at="2022-06-19T18:14:29 IST" duration-ms="1" status="PASS">
          <reporter-output>
          </reporter-output>
        </test-method> <!-- beforeMethod -->
        <test-method signature="testA()[pri:0, instance:PackMOCK.General@71def8f8]" started-at="2022-06-19T18:14:29 IST" name="testA" finished-at="2022-06-19T18:14:29 IST" duration-ms="5" status="PASS">
          <reporter-output>
          </reporter-output>
        </test-method> <!-- testA -->
        <test-method is-config="true" signature="afterMethod()[pri:0, instance:PackMOCK.General@71def8f8]" started-at="2022-06-19T18:14:29 IST" name="afterMethod" finished-at="2022-06-19T18:14:29 IST" duration-ms="0" status="PASS">
          <reporter-output>
          </reporter-output>
        </test-method> <!-- afterMethod -->
        <test-method is-config="true" signature="afterClass()[pri:0, instance:PackMOCK.General@71def8f8]" started-at="2022-06-19T18:14:29 IST" name="afterClass" finished-at="2022-06-19T18:14:29 IST" duration-ms="0" status="PASS">
          <reporter-output>
          </reporter-output>
        </test-method> <!-- afterClass -->
      </class> <!-- PackMOCK.General -->
      <class name="PackMOCK.Genral123">
        <test-method is-config="true" signature="beforeClass()[pri:0, instance:PackMOCK.Genral123@3232a28a]" started-at="2022-06-19T18:14:29 IST" name="beforeClass" finished-at="2022-06-19T18:14:29 IST" duration-ms="0" status="PASS">
          <reporter-output>
          </reporter-output>
        </test-method> <!-- beforeClass -->
        <test-method signature="testA()[pri:0, instance:PackMOCK.Genral123@3232a28a]" started-at="2022-06-19T18:14:29 IST" name="testA" finished-at="2022-06-19T18:14:29 IST" duration-ms="1" status="PASS">
          <reporter-output>
          </reporter-output>
        </test-method> <!-- testA -->
        <test-method is-config="true" signature="beforeMethod()[pri:0, instance:PackMOCK.Genral123@3232a28a]" started-at="2022-06-19T18:14:29 IST" name="beforeMethod" finished-at="2022-06-19T18:14:29 IST" duration-ms="0" status="PASS">
          <reporter-output>
          </reporter-output>
        </test-method> <!-- beforeMethod -->
        <test-method is-config="true" signature="beforeMethod()[pri:0, instance:PackMOCK.Genral123@3232a28a]" started-at="2022-06-19T18:14:29 IST" name="beforeMethod" finished-at="2022-06-19T18:14:29 IST" duration-ms="1" status="PASS">
          <reporter-output>
          </reporter-output>
        </test-method> <!-- beforeMethod -->
        <test-method is-config="true" signature="afterMethod()[pri:0, instance:PackMOCK.Genral123@3232a28a]" started-at="2022-06-19T18:14:29 IST" name="afterMethod" finished-at="2022-06-19T18:14:29 IST" duration-ms="0" status="PASS">
          <reporter-output>
          </reporter-output>
        </test-method> <!-- afterMethod -->
        <test-method signature="testB()[pri:0, instance:PackMOCK.Genral123@3232a28a]" started-at="2022-06-19T18:14:29 IST" name="testB" finished-at="2022-06-19T18:14:29 IST" duration-ms="0" status="PASS">
          <reporter-output>
          </reporter-output>
        </test-method> <!-- testB -->
        <test-method is-config="true" signature="afterMethod()[pri:0, instance:PackMOCK.Genral123@3232a28a]" started-at="2022-06-19T18:14:29 IST" name="afterMethod" finished-at="2022-06-19T18:14:29 IST" duration-ms="0" status="PASS">
          <reporter-output>
          </reporter-output>
        </test-method> <!-- afterMethod -->
        <test-method is-config="true" signature="afterClass()[pri:0, instance:PackMOCK.Genral123@3232a28a]" started-at="2022-06-19T18:14:29 IST" name="afterClass" finished-at="2022-06-19T18:14:29 IST" duration-ms="0" status="PASS">
          <reporter-output>
          </reporter-output>
        </test-method> <!-- afterClass -->
      </class> <!-- PackMOCK.Genral123 -->
    </test> <!-- Test -->
  </suite> <!-- general.Suite -->
</testng-results>
