<?xml version="1.0" encoding="UTF-8"?>
<!-- Generated by org.testng.reporters.JUnitXMLReporter -->
<testsuite ignored="0" hostname="LAPTOP-B9RH7SGE" failures="0" tests="4" name="Test190" time="18.884" errors="0" timestamp="2022-05-02T22:42:07 IST">
  <testcase classname="PackMOCK.TestNGPOM" name="verifyReport" time="0.326"/>
  <testcase classname="PackMOCK.TestNG1234" name="verifyReport" time="0.369"/>
  <testcase classname="PackMOCK.TestNGPOM" name="verifyUser" time="0.626"/>
  <testcase classname="PackMOCK.TestNG1234" name="verifyUser" time="0.556"/>
</testsuite> <!-- Test190 -->
