<?xml version="1.0" encoding="UTF-8"?>
<!-- Generated by org.testng.reporters.JUnitXMLReporter -->
<testsuite ignored="0" hostname="LAPTOP-B9RH7SGE" failures="0" tests="4" name="Test19" time="14.43" errors="0" timestamp="2022-05-02T22:41:48 IST">
  <testcase classname="PackMOCK.TestNGPOM" name="verifyReport" time="1.127"/>
  <testcase classname="PackMOCK.TestNG1234" name="verifyReport" time="1.429"/>
  <testcase classname="PackMOCK.TestNGPOM" name="verifyUser" time="0.604"/>
  <testcase classname="PackMOCK.TestNG1234" name="verifyUser" time="0.533"/>
</testsuite> <!-- Test19 -->
