<?xml version="1.0" encoding="UTF-8"?>
<!-- Generated by org.testng.reporters.JUnitXMLReporter -->
<testsuite ignored="1" hostname="LAPTOP-B9RH7SGE" failures="1" tests="1" name="Testabgb(failed)" time="18.652" errors="0" timestamp="2022-05-13T10:14:01 IST">
  <testcase classname="pack123.TestNGpom" name="verifyDashBoard" time="2.196">
    <failure type="java.lang.AssertionError" message="null">
      <![CDATA[java.lang.AssertionError: null
at pack123.TestNGpom.verifyDashBoard(TestNGpom.java:65)
at java.base/java.util.ArrayList.forEach(ArrayList.java:1541)
... Removed 29 stack frames]]>
    </failure>
  </testcase> <!-- verifyDashBoard -->
  <testcase classname="pack123.TestNGpom" name="verifyOrder" time="0.0">
    <ignored/>
  </testcase> <!-- verifyOrder -->
</testsuite> <!-- Testabgb(failed) -->
