<?xml version="1.0" encoding="UTF-8"?>
<!-- Generated by org.testng.reporters.JUnitXMLReporter -->
<testsuite ignored="0" hostname="LAPTOP-B9RH7SGE" failures="0" tests="6" name="Test1" time="0.013" errors="0" timestamp="2022-05-20T14:19:35 IST">
  <testcase classname="PackMOCK.General" name="testA" time="0.001"/>
  <testcase classname="PackMOCK.General" name="testB" time="0.001"/>
  <testcase classname="PackMOCK.General" name="testC" time="0.001"/>
  <testcase classname="PackMOCK.General" name="testD" time="0.0"/>
  <testcase classname="PackMOCK.Genral123" name="testA" time="0.001"/>
  <testcase classname="PackMOCK.Genral123" name="testB" time="0.001"/>
</testsuite> <!-- Test1 -->
