<?xml version="1.0" encoding="UTF-8"?>
<!-- Generated by org.testng.reporters.JUnitXMLReporter -->
<testsuite ignored="0" hostname="LAPTOP-B9RH7SGE" failures="0" tests="4" name="Test2" time="0.01" errors="0" timestamp="2022-05-20T14:16:23 IST">
  <testcase classname="PackMOCK.General" name="testA" time="0.001"/>
  <testcase classname="PackMOCK.General" name="testB" time="0.001"/>
  <testcase classname="PackMOCK.Genral123" name="testA" time="0.001"/>
  <testcase classname="PackMOCK.Genral123" name="testB" time="0.0"/>
</testsuite> <!-- Test2 -->
