<?xml version="1.0" encoding="UTF-8"?>
<!-- Generated by org.testng.reporters.JUnitXMLReporter -->
<testsuite ignored="3" hostname="LAPTOP-B9RH7SGE" failures="0" tests="3" name="Test" time="0.049" errors="0" timestamp="2022-06-19T18:14:29 IST">
  <testcase classname="PackMOCK.General" name="testA" time="0.005"/>
  <testcase classname="PackMOCK.Genral123" name="testA" time="0.001"/>
  <testcase classname="PackMOCK.Genral123" name="testB" time="0.0"/>
  <testcase classname="PackMOCK.General" name="testC" time="0.0">
    <ignored/>
  </testcase> <!-- testC -->
  <testcase classname="PackMOCK.General" name="testD" time="0.0">
    <ignored/>
  </testcase> <!-- testD -->
  <testcase classname="PackMOCK.General" name="testB" time="0.0">
    <ignored/>
  </testcase> <!-- testB -->
</testsuite> <!-- Test -->
