<?xml version="1.0" encoding="UTF-8"?>
<!-- Generated by org.testng.reporters.JUnitXMLReporter -->
<testsuite ignored="0" hostname="LAPTOP-B9RH7SGE" failures="0" tests="4" name="Testabgb2" time="44.175" errors="0" timestamp="2022-05-26T04:55:29 IST">
  <testcase classname="pack123.TestNext" name="verifyAddresses" time="3.619"/>
  <testcase classname="pack123.TestNGpom" name="verifyDashBoard" time="2.826"/>
  <testcase classname="pack123.TestNext" name="verifyDownload" time="2.757"/>
  <testcase classname="pack123.TestNGpom" name="verifyOrder" time="3.352"/>
</testsuite> <!-- Testabgb2 -->
