<?xml version="1.0" encoding="UTF-8"?>
<!-- Generated by org.testng.reporters.JUnitXMLReporter -->
<testsuite ignored="0" hostname="LAPTOP-B9RH7SGE" failures="0" tests="4" name="Testabgb1" time="41.069" errors="0" timestamp="2022-05-26T04:54:45 IST">
  <testcase classname="pack123.TestNGpom" name="verifyDashBoard" time="2.43"/>
  <testcase classname="pack123.TestNext" name="verifyAddresses" time="3.906"/>
  <testcase classname="pack123.TestNext" name="verifyDownload" time="3.899"/>
  <testcase classname="pack123.TestNGpom" name="verifyOrder" time="4.188"/>
</testsuite> <!-- Testabgb1 -->
