<?xml version="1.0" encoding="UTF-8"?>
<!-- Generated by org.testng.reporters.JUnitXMLReporter -->
<testsuite ignored="0" hostname="LAPTOP-B9RH7SGE" failures="0" tests="6" name="Testabgb" time="40.663" errors="0" timestamp="2022-05-14T07:59:24 IST">
  <testcase classname="pack123.TestNGpom" name="verifyDashBoard" time="2.11"/>
  <testcase classname="pack123.TestNGpom" name="verifyOrder" time="2.24"/>
  <testcase classname="pack123.TestNG123" name="testA" time="0.001"/>
  <testcase classname="pack123.TestNG123" name="testB" time="0.001"/>
  <testcase classname="pack123.TestNG123" name="testC" time="0.001"/>
  <testcase classname="pack123.TestNG123" name="testD" time="0.001"/>
</testsuite> <!-- Testabgb -->
