<?xml version="1.0" encoding="UTF-8"?>
<!-- Generated by org.testng.reporters.JUnitXMLReporter -->
<testsuite ignored="1" hostname="LAPTOP-B9RH7SGE" failures="0" tests="1" name="Test19(failed)" time="7.11" errors="0" timestamp="2022-04-22T22:36:34 IST">
  <testcase classname="PackMOCK.TestNGPOM" name="verifyUser" time="0.523"/>
  <testcase classname="PackMOCK.TestNGPOM" name="verifyReport" time="0.0">
    <ignored/>
  </testcase> <!-- verifyReport -->
</testsuite> <!-- Test19(failed) -->
