<?xml version="1.0" encoding="UTF-8"?>
<!-- Generated by org.testng.reporters.JUnitXMLReporter -->
<testsuite ignored="1" hostname="LAPTOP-B9RH7SGE" failures="0" tests="1" name="Test190(failed)" time="9.42" errors="0" timestamp="2022-04-22T22:36:43 IST">
  <testcase classname="PackMOCK.TestNGPOM" name="verifyUser" time="0.623"/>
  <testcase classname="PackMOCK.TestNGPOM" name="verifyReport" time="0.0">
    <ignored/>
  </testcase> <!-- verifyReport -->
</testsuite> <!-- Test190(failed) -->
