<?xml version="1.0" encoding="UTF-8"?>
<!-- Generated by org.testng.reporters.JUnitXMLReporter -->
<testsuite ignored="2" hostname="LAPTOP-B9RH7SGE" failures="0" tests="2" name="Default test(failed)(failed)" time="0.044" errors="0" timestamp="2022-04-22T22:02:06 IST">
  <testcase classname="pack123.TestNG123" name="testB" time="0.008"/>
  <testcase classname="pack123.TestNG123" name="testA" time="0.0"/>
  <testcase classname="pack123.TestNG123" name="testC" time="0.0">
    <ignored/>
  </testcase> <!-- testC -->
  <testcase classname="pack123.TestNG123" name="testD" time="0.0">
    <ignored/>
  </testcase> <!-- testD -->
</testsuite> <!-- Default test(failed)(failed) -->
